  MyForm.cpp
C:\Users\user\Desktop\szkoła\studia\infa\projekt\engine\engine.h(329,26): warning C4677: „health_bar”: Sygnatura nieprywatnej składowej zawiera prywatny typ zestawu „Engine::EntityTypes::HealthBar”
C:\Users\user\Desktop\szkoła\studia\infa\projekt\engine\engine.h(303): message : zobacz deklarację „Engine::EntityTypes::HealthBar”
C:\Users\user\Desktop\szkoła\studia\infa\projekt\engine\engine.h(341,26): warning C4677: „health_bar”: Sygnatura nieprywatnej składowej zawiera prywatny typ zestawu „Engine::EntityTypes::HealthBar”
C:\Users\user\Desktop\szkoła\studia\infa\projekt\engine\engine.h(303): message : zobacz deklarację „Engine::EntityTypes::HealthBar”
C:\Users\user\Desktop\szkoła\studia\infa\projekt\MyForm.h(431,15): warning C4244: "inicjowanie": konwersja z "int" do "float", możliwa utrata danych
C:\Users\user\Desktop\szkoła\studia\infa\projekt\MyForm.h(432,15): warning C4244: "inicjowanie": konwersja z "int" do "float", możliwa utrata danych
C:\Users\user\Desktop\szkoła\studia\infa\projekt\MyForm.h(437,15): warning C4244: "inicjowanie": konwersja z "int" do "float", możliwa utrata danych
C:\Users\user\Desktop\szkoła\studia\infa\projekt\MyForm.h(438,15): warning C4244: "inicjowanie": konwersja z "int" do "float", możliwa utrata danych
C:\Users\user\Desktop\szkoła\studia\infa\projekt\MyForm.h(442,82): warning C4244: "argument": konwersja z "int" do "float", możliwa utrata danych
C:\Users\user\Desktop\szkoła\studia\infa\projekt\MyForm.h(442,49): warning C4244: "argument": konwersja z "int" do "float", możliwa utrata danych
C:\Users\user\Desktop\szkoła\studia\infa\projekt\MyForm.h(443,80): warning C4244: "argument": konwersja z "int" do "float", możliwa utrata danych
C:\Users\user\Desktop\szkoła\studia\infa\projekt\MyForm.h(443,49): warning C4244: "argument": konwersja z "int" do "float", możliwa utrata danych
C:\Users\user\Desktop\szkoła\studia\infa\projekt\MyForm.h(541,21): warning C4244: "inicjowanie": konwersja z "__int64" do "int", możliwa utrata danych
C:\Users\user\Desktop\szkoła\studia\infa\projekt\MyForm.h(703,1): warning C4244: "+=": konwersja z "float" do "int", możliwa utrata danych
C:\Users\user\Desktop\szkoła\studia\infa\projekt\MyForm.h(714,17): warning C4244: "inicjowanie": konwersja z "int" do "float", możliwa utrata danych
C:\Users\user\Desktop\szkoła\studia\infa\projekt\MyForm.h(715,17): warning C4244: "inicjowanie": konwersja z "int" do "float", możliwa utrata danych
C:\Users\user\Desktop\szkoła\studia\infa\projekt\MyForm.h(721,17): warning C4244: "inicjowanie": konwersja z "int" do "float", możliwa utrata danych
C:\Users\user\Desktop\szkoła\studia\infa\projekt\MyForm.h(722,17): warning C4244: "inicjowanie": konwersja z "int" do "float", możliwa utrata danych
C:\Users\user\Desktop\szkoła\studia\infa\projekt\MyForm.h(726,84): warning C4244: "argument": konwersja z "int" do "float", możliwa utrata danych
C:\Users\user\Desktop\szkoła\studia\infa\projekt\MyForm.h(726,51): warning C4244: "argument": konwersja z "int" do "float", możliwa utrata danych
C:\Users\user\Desktop\szkoła\studia\infa\projekt\MyForm.h(727,82): warning C4244: "argument": konwersja z "int" do "float", możliwa utrata danych
C:\Users\user\Desktop\szkoła\studia\infa\projekt\MyForm.h(727,51): warning C4244: "argument": konwersja z "int" do "float", możliwa utrata danych
C:\Users\user\Desktop\szkoła\studia\infa\projekt\MyForm.h(880,162): warning C4244: "argument": konwersja z "float" do "int", możliwa utrata danych
C:\Users\user\Desktop\szkoła\studia\infa\projekt\MyForm.h(880,157): warning C4244: "argument": konwersja z "float" do "int", możliwa utrata danych
C:\Users\user\Desktop\szkoła\studia\infa\projekt\MyForm.h(880,152): warning C4244: "argument": konwersja z "float" do "int", możliwa utrata danych
C:\Users\user\Desktop\szkoła\studia\infa\projekt\MyForm.h(880,127): warning C4244: "argument": konwersja z "float" do "int", możliwa utrata danych
C:\Users\user\Desktop\szkoła\studia\infa\projekt\MyForm.h(881,180): warning C4244: "argument": konwersja z "float" do "int", możliwa utrata danych
C:\Users\user\Desktop\szkoła\studia\infa\projekt\MyForm.h(881,173): warning C4244: "argument": konwersja z "float" do "int", możliwa utrata danych
C:\Users\user\Desktop\szkoła\studia\infa\projekt\MyForm.h(881,144): warning C4244: "argument": konwersja z "float" do "int", możliwa utrata danych
C:\Users\user\Desktop\szkoła\studia\infa\projekt\MyForm.h(881,111): warning C4244: "argument": konwersja z "float" do "int", możliwa utrata danych
  engine.cpp
C:\Users\user\Desktop\szkoła\studia\infa\projekt\engine\engine.h(329,26): warning C4677: „health_bar”: Sygnatura nieprywatnej składowej zawiera prywatny typ zestawu „Engine::EntityTypes::HealthBar”
C:\Users\user\Desktop\szkoła\studia\infa\projekt\engine\engine.h(303): message : zobacz deklarację „Engine::EntityTypes::HealthBar”
C:\Users\user\Desktop\szkoła\studia\infa\projekt\engine\engine.h(341,26): warning C4677: „health_bar”: Sygnatura nieprywatnej składowej zawiera prywatny typ zestawu „Engine::EntityTypes::HealthBar”
C:\Users\user\Desktop\szkoła\studia\infa\projekt\engine\engine.h(303): message : zobacz deklarację „Engine::EntityTypes::HealthBar”
C:\Users\user\Desktop\szkoła\studia\infa\projekt\engine\src\engine.cpp(182,19): warning C4244: "return": konwersja z "double" do "float", możliwa utrata danych
  Generowanie kodu...
  engine.obj : napotkano moduł MSIL; konsolidowanie przyrostowe jest wyłączone dla modułów MSIL; zostanie wykonana pełna konsolidacja
  Project1.vcxproj -> C:\Users\user\Desktop\szkoła\studia\infa\projekt\Debug\Project1.exe
